Using pre-set license
Built from '2020.3/release' branch; Version is '2020.3.1f1 (77a89f25062f) revision 7841951'; Using compiler version '192528614'; Build Type 'Release'
OS: 'Windows 10 Home Single Language; OS build 19045.2604; Version 2009; 64bit' Language: 'en' Physical Memory: 8041 MB
BatchMode: 1, IsHumanControllingUs: 0, StartBugReporterOnCrash: 0, Is64bit: 1, IsPro: 0

 COMMAND LINE ARGUMENTS:
C:\Program Files\Unity\Hub\Editor\2020.3.1f1\Editor\Unity.exe
-adb2
-batchMode
-noUpm
-name
AssetImportWorker0
-projectPath
C:/Users/s4315/Desktop/Unitylearn/Unity-Learn/Create_With_VR/Project1_VR_Basics/Create-with-VR_2020LTS/VR Room Yale
-logFile
Logs/AssetImportWorker0.log
-srvPort
50216
Successfully changed project path to: C:/Users/s4315/Desktop/Unitylearn/Unity-Learn/Create_With_VR/Project1_VR_Basics/Create-with-VR_2020LTS/VR Room Yale
C:/Users/s4315/Desktop/Unitylearn/Unity-Learn/Create_With_VR/Project1_VR_Basics/Create-with-VR_2020LTS/VR Room Yale
Using Asset Import Pipeline V2.
Refreshing native plugins compatible for Editor in 77.70 ms, found 8 plugins.
Preloading 1 native plugins for Editor in 1.15 ms.
Initialize engine version: 2020.3.1f1 (77a89f25062f)
[Subsystems] Discovering subsystems at path C:/Program Files/Unity/Hub/Editor/2020.3.1f1/Editor/Data/Resources/UnitySubsystems
[Subsystems] Discovering subsystems at path C:/Users/s4315/Desktop/Unitylearn/Unity-Learn/Create_With_VR/Project1_VR_Basics/Create-with-VR_2020LTS/VR Room Yale/Assets
GfxDevice: creating device client; threaded=0
Direct3D:
    Version:  Direct3D 11.0 [level 11.1]
    Renderer: NVIDIA GeForce RTX 2070 (ID=0x1f10)
    Vendor:   
    VRAM:     8031 MB
    Driver:   30.0.15.1259
Shader 'Universal Render Pipeline/Particles/Lit': fallback shader 'Universal Render Pipeline/Particles/SimpleLit' not found
Initialize mono
Mono path[0] = 'C:/Program Files/Unity/Hub/Editor/2020.3.1f1/Editor/Data/Managed'
Mono path[1] = 'C:/Program Files/Unity/Hub/Editor/2020.3.1f1/Editor/Data/MonoBleedingEdge/lib/mono/unityjit'
Mono config path = 'C:/Program Files/Unity/Hub/Editor/2020.3.1f1/Editor/Data/MonoBleedingEdge/etc'
Using monoOptions --debugger-agent=transport=dt_socket,embedding=1,server=y,suspend=n,address=127.0.0.1:56348
Begin MonoManager ReloadAssembly
Registering precompiled unity dll's ...
Register platform support module: C:/Program Files/Unity/Hub/Editor/2020.3.1f1/Editor/Data/PlaybackEngines/WindowsStandaloneSupport/UnityEditor.WindowsStandalone.Extensions.dll
Registered in 0.002718 seconds.
Native extension for WindowsStandalone target not found
Refreshing native plugins compatible for Editor in 63.32 ms, found 8 plugins.
Preloading 1 native plugins for Editor in 0.12 ms.
Invoked RoslynAnalysisRunner static constructor.
RoslynAnalysisRunner will not be running.
RoslynAnalysisRunner has terminated.
Mono: successfully reloaded assembly
- Completed reload, in  2.287 seconds
Platform modules already initialized, skipping
Registering precompiled user dll's ...
Registered in 0.005531 seconds.
Begin MonoManager ReloadAssembly
Native extension for WindowsStandalone target not found
Refreshing native plugins compatible for Editor in 64.70 ms, found 8 plugins.
Preloading 1 native plugins for Editor in 0.11 ms.
Invoked RoslynAnalysisRunner static constructor.
RoslynAnalysisRunner will not be running.
RoslynAnalysisRunner has terminated.
[XR] OculusXRPlugin: registering subsystems
[XR] Unable to register display lifecyle provider: [1]
[XR] Oculus Input lifecycle provider registered.
[XR] Unable to register input lifecyle provider: [1]
NullReferenceException: Object reference not set to an instance of an object
  at Unity.XR.Oculus.OculusLoader.AssetPathToAbsolutePath (System.String assetPath) [0x00048] in C:\Users\s4315\Desktop\Unitylearn\Unity-Learn\Create_With_VR\Project1_VR_Basics\Create-with-VR_2020LTS\VR Room Yale\Library\PackageCache\com.unity.xr.oculus@1.8.1\Runtime\OculusLoader.cs:243 
  at Unity.XR.Oculus.OculusLoader.EditorLoadOVRPlugin () [0x0007b] in C:\Users\s4315\Desktop\Unitylearn\Unity-Learn\Create_With_VR\Project1_VR_Basics\Create-with-VR_2020LTS\VR Room Yale\Library\PackageCache\com.unity.xr.oculus@1.8.1\Runtime\OculusLoader.cs:228 

(Filename: Library/PackageCache/com.unity.xr.oculus@1.8.1/Runtime/OculusLoader.cs Line: 243)

Mono: successfully reloaded assembly
- Completed reload, in  1.220 seconds
Platform modules already initialized, skipping
========================================================================
Worker process is ready to serve import requests
Shader 'Universal Render Pipeline/Particles/Lit': fallback shader 'Universal Render Pipeline/Particles/SimpleLit' not found
Launched and connected shader compiler UnityShaderCompiler.exe after 0.05 seconds
Refreshing native plugins compatible for Editor in 0.71 ms, found 8 plugins.
Preloading 1 native plugins for Editor in 0.08 ms.
Unloading 3105 Unused Serialized files (Serialized files now loaded: 0)
System memory in use before: 143.4 MB.
System memory in use after: 143.4 MB.

Unloading 26 unused Assets to reduce memory usage. Loaded Objects now: 3541.
Total: 2.637700 ms (FindLiveObjects: 0.305200 ms CreateObjectMapping: 0.134400 ms MarkObjects: 2.134800 ms  DeleteObjects: 0.062100 ms)

========================================================================
Received Import Request.
  path: Assets/_Course Library/_Prefabs/Rooms/Room_Traditional.prefab
  artifactKey: Guid(880db112787483b4bb85a9812586967c) Importer(815301076,1909f56bfc062723c751e8b465ee728b)
Start importing Assets/_Course Library/_Prefabs/Rooms/Room_Traditional.prefab using Guid(880db112787483b4bb85a9812586967c) Importer(815301076,1909f56bfc062723c751e8b465ee728b)  -> (artifact id: 'b8a570ef3f1b06354da0759c58adf17c') in 0.262230 seconds
  Import took 0.268324 seconds .

========================================================================
Received Import Request.
  Time since last request: 0.000251 seconds.
  path: Assets/_Course Library/_Prefabs/Rooms/Room_Rustic.prefab
  artifactKey: Guid(991f7faf3818ce24d854dd90bfceb80b) Importer(815301076,1909f56bfc062723c751e8b465ee728b)
Start importing Assets/_Course Library/_Prefabs/Rooms/Room_Rustic.prefab using Guid(991f7faf3818ce24d854dd90bfceb80b) Importer(815301076,1909f56bfc062723c751e8b465ee728b)  -> (artifact id: 'df34401208692d02daeaa8febb04a0c6') in 0.037555 seconds
  Import took 0.046059 seconds .

========================================================================
Received Import Request.
  Time since last request: 0.000365 seconds.
  path: Assets/_Course Library/_Prefabs/Rooms
  artifactKey: Guid(b8c01ec013b52432398ae23013d26672) Importer(815301076,1909f56bfc062723c751e8b465ee728b)
Start importing Assets/_Course Library/_Prefabs/Rooms using Guid(b8c01ec013b52432398ae23013d26672) Importer(815301076,1909f56bfc062723c751e8b465ee728b)  -> (artifact id: '3244cc5d42f043e279aa63feed4383a2') in 0.006974 seconds
  Import took 0.016907 seconds .

========================================================================
Received Import Request.
  Time since last request: 0.000424 seconds.
  path: Assets/_Course Library/_Prefabs/Rooms/Room_Modern.prefab
  artifactKey: Guid(d9470993b9bd0a541a884d6f6704a421) Importer(815301076,1909f56bfc062723c751e8b465ee728b)
Start importing Assets/_Course Library/_Prefabs/Rooms/Room_Modern.prefab using Guid(d9470993b9bd0a541a884d6f6704a421) Importer(815301076,1909f56bfc062723c751e8b465ee728b)  -> (artifact id: '6d765cc64ca36156841400db79c235c7') in 0.039032 seconds
  Import took 0.050857 seconds .

========================================================================
Received Prepare
Registering precompiled user dll's ...
Registered in 0.019243 seconds.
Begin MonoManager ReloadAssembly
Native extension for WindowsStandalone target not found
Refreshing native plugins compatible for Editor in 1.84 ms, found 8 plugins.
Preloading 1 native plugins for Editor in 0.39 ms.
Invoked RoslynAnalysisRunner static constructor.
RoslynAnalysisRunner will not be running.
RoslynAnalysisRunner has terminated.
NullReferenceException: Object reference not set to an instance of an object
  at Unity.XR.Oculus.OculusLoader.AssetPathToAbsolutePath (System.String assetPath) [0x00048] in C:\Users\s4315\Desktop\Unitylearn\Unity-Learn\Create_With_VR\Project1_VR_Basics\Create-with-VR_2020LTS\VR Room Yale\Library\PackageCache\com.unity.xr.oculus@1.8.1\Runtime\OculusLoader.cs:243 
  at Unity.XR.Oculus.OculusLoader.EditorLoadOVRPlugin () [0x0007b] in C:\Users\s4315\Desktop\Unitylearn\Unity-Learn\Create_With_VR\Project1_VR_Basics\Create-with-VR_2020LTS\VR Room Yale\Library\PackageCache\com.unity.xr.oculus@1.8.1\Runtime\OculusLoader.cs:228 

(Filename: Library/PackageCache/com.unity.xr.oculus@1.8.1/Runtime/OculusLoader.cs Line: 243)

Mono: successfully reloaded assembly
- Completed reload, in  1.559 seconds
Platform modules already initialized, skipping
Shader 'Universal Render Pipeline/Particles/Lit': fallback shader 'Universal Render Pipeline/Particles/SimpleLit' not found
Refreshing native plugins compatible for Editor in 1.05 ms, found 8 plugins.
Preloading 1 native plugins for Editor in 0.14 ms.
Unloading 2966 Unused Serialized files (Serialized files now loaded: 0)
System memory in use before: 138.1 MB.
System memory in use after: 138.3 MB.

Unloading 19 unused Assets to reduce memory usage. Loaded Objects now: 3589.
Total: 5.684700 ms (FindLiveObjects: 0.773500 ms CreateObjectMapping: 0.497600 ms MarkObjects: 4.371800 ms  DeleteObjects: 0.038200 ms)

========================================================================
Received Prepare
Registering precompiled user dll's ...
Registered in 0.006908 seconds.
Begin MonoManager ReloadAssembly
Native extension for WindowsStandalone target not found
Refreshing native plugins compatible for Editor in 1.81 ms, found 8 plugins.
Preloading 1 native plugins for Editor in 0.16 ms.
Invoked RoslynAnalysisRunner static constructor.
RoslynAnalysisRunner will not be running.
RoslynAnalysisRunner has terminated.
NullReferenceException: Object reference not set to an instance of an object
  at Unity.XR.Oculus.OculusLoader.AssetPathToAbsolutePath (System.String assetPath) [0x00048] in C:\Users\s4315\Desktop\Unitylearn\Unity-Learn\Create_With_VR\Project1_VR_Basics\Create-with-VR_2020LTS\VR Room Yale\Library\PackageCache\com.unity.xr.oculus@1.8.1\Runtime\OculusLoader.cs:243 
  at Unity.XR.Oculus.OculusLoader.EditorLoadOVRPlugin () [0x0007b] in C:\Users\s4315\Desktop\Unitylearn\Unity-Learn\Create_With_VR\Project1_VR_Basics\Create-with-VR_2020LTS\VR Room Yale\Library\PackageCache\com.unity.xr.oculus@1.8.1\Runtime\OculusLoader.cs:228 

(Filename: Library/PackageCache/com.unity.xr.oculus@1.8.1/Runtime/OculusLoader.cs Line: 243)

Mono: successfully reloaded assembly
- Completed reload, in  1.604 seconds
Platform modules already initialized, skipping
Shader 'Universal Render Pipeline/Particles/Lit': fallback shader 'Universal Render Pipeline/Particles/SimpleLit' not found
Refreshing native plugins compatible for Editor in 1.37 ms, found 8 plugins.
Preloading 1 native plugins for Editor in 0.12 ms.
Unloading 2966 Unused Serialized files (Serialized files now loaded: 0)
System memory in use before: 138.1 MB.
System memory in use after: 138.4 MB.

Unloading 19 unused Assets to reduce memory usage. Loaded Objects now: 3593.
Total: 4.385100 ms (FindLiveObjects: 0.506800 ms CreateObjectMapping: 0.284500 ms MarkObjects: 3.557200 ms  DeleteObjects: 0.035200 ms)

========================================================================
Received Prepare
Registering precompiled user dll's ...
Registered in 0.011033 seconds.
Begin MonoManager ReloadAssembly
Native extension for WindowsStandalone target not found
Refreshing native plugins compatible for Editor in 1.04 ms, found 8 plugins.
Preloading 1 native plugins for Editor in 0.19 ms.
Invoked RoslynAnalysisRunner static constructor.
RoslynAnalysisRunner will not be running.
RoslynAnalysisRunner has terminated.
NullReferenceException: Object reference not set to an instance of an object
  at Unity.XR.Oculus.OculusLoader.AssetPathToAbsolutePath (System.String assetPath) [0x00048] in C:\Users\s4315\Desktop\Unitylearn\Unity-Learn\Create_With_VR\Project1_VR_Basics\Create-with-VR_2020LTS\VR Room Yale\Library\PackageCache\com.unity.xr.oculus@1.8.1\Runtime\OculusLoader.cs:243 
  at Unity.XR.Oculus.OculusLoader.EditorLoadOVRPlugin () [0x0007b] in C:\Users\s4315\Desktop\Unitylearn\Unity-Learn\Create_With_VR\Project1_VR_Basics\Create-with-VR_2020LTS\VR Room Yale\Library\PackageCache\com.unity.xr.oculus@1.8.1\Runtime\OculusLoader.cs:228 

(Filename: Library/PackageCache/com.unity.xr.oculus@1.8.1/Runtime/OculusLoader.cs Line: 243)

Mono: successfully reloaded assembly
- Completed reload, in  1.973 seconds
Platform modules already initialized, skipping
Shader 'Universal Render Pipeline/Particles/Lit': fallback shader 'Universal Render Pipeline/Particles/SimpleLit' not found
Refreshing native plugins compatible for Editor in 2.38 ms, found 8 plugins.
Preloading 1 native plugins for Editor in 0.30 ms.
Unloading 2966 Unused Serialized files (Serialized files now loaded: 0)
System memory in use before: 138.2 MB.
System memory in use after: 138.4 MB.

Unloading 19 unused Assets to reduce memory usage. Loaded Objects now: 3597.
Total: 6.764600 ms (FindLiveObjects: 0.557500 ms CreateObjectMapping: 0.301000 ms MarkObjects: 5.866300 ms  DeleteObjects: 0.037300 ms)

========================================================================
Received Import Request.
  Time since last request: 762.275750 seconds.
  path: Assets/_Course Library/_Prefabs/Environments
  artifactKey: Guid(36ae34743d39542b8b8272435b5d3272) Importer(815301076,1909f56bfc062723c751e8b465ee728b)
Start importing Assets/_Course Library/_Prefabs/Environments using Guid(36ae34743d39542b8b8272435b5d3272) Importer(815301076,1909f56bfc062723c751e8b465ee728b)  -> (artifact id: '8fe5f45f64da4ffc9741425291d1ffe7') in 0.013108 seconds
  Import took 0.021037 seconds .

========================================================================
Received Import Request.
  Time since last request: 1.097734 seconds.
  path: Assets/_Course Library/_Prefabs/Environments/Background_Buildings.prefab
  artifactKey: Guid(4e12f80178b8d6e47a7b602b9e2f58fb) Importer(815301076,1909f56bfc062723c751e8b465ee728b)
Start importing Assets/_Course Library/_Prefabs/Environments/Background_Buildings.prefab using Guid(4e12f80178b8d6e47a7b602b9e2f58fb) Importer(815301076,1909f56bfc062723c751e8b465ee728b)  -> (artifact id: 'b9b94d0a3bfbd729e613b63fbc27262b') in 0.174453 seconds
  Import took 0.181084 seconds .

========================================================================
Received Prepare
Registering precompiled user dll's ...
Registered in 0.006427 seconds.
Begin MonoManager ReloadAssembly
Native extension for WindowsStandalone target not found
Refreshing native plugins compatible for Editor in 1.16 ms, found 8 plugins.
Preloading 1 native plugins for Editor in 0.13 ms.
Invoked RoslynAnalysisRunner static constructor.
RoslynAnalysisRunner will not be running.
RoslynAnalysisRunner has terminated.
NullReferenceException: Object reference not set to an instance of an object
  at Unity.XR.Oculus.OculusLoader.AssetPathToAbsolutePath (System.String assetPath) [0x00048] in C:\Users\s4315\Desktop\Unitylearn\Unity-Learn\Create_With_VR\Project1_VR_Basics\Create-with-VR_2020LTS\VR Room Yale\Library\PackageCache\com.unity.xr.oculus@1.8.1\Runtime\OculusLoader.cs:243 
  at Unity.XR.Oculus.OculusLoader.EditorLoadOVRPlugin () [0x0007b] in C:\Users\s4315\Desktop\Unitylearn\Unity-Learn\Create_With_VR\Project1_VR_Basics\Create-with-VR_2020LTS\VR Room Yale\Library\PackageCache\com.unity.xr.oculus@1.8.1\Runtime\OculusLoader.cs:228 

(Filename: Library/PackageCache/com.unity.xr.oculus@1.8.1/Runtime/OculusLoader.cs Line: 243)

Mono: successfully reloaded assembly
- Completed reload, in  0.996 seconds
Platform modules already initialized, skipping
Shader 'Universal Render Pipeline/Particles/Lit': fallback shader 'Universal Render Pipeline/Particles/SimpleLit' not found
Refreshing native plugins compatible for Editor in 0.74 ms, found 8 plugins.
Preloading 1 native plugins for Editor in 0.08 ms.
Unloading 2966 Unused Serialized files (Serialized files now loaded: 0)
System memory in use before: 138.3 MB.
System memory in use after: 138.6 MB.

Unloading 19 unused Assets to reduce memory usage. Loaded Objects now: 3637.
Total: 2.646800 ms (FindLiveObjects: 0.334600 ms CreateObjectMapping: 0.134200 ms MarkObjects: 2.159500 ms  DeleteObjects: 0.017900 ms)

========================================================================
Received Prepare
Registering precompiled user dll's ...
Registered in 0.005608 seconds.
Begin MonoManager ReloadAssembly
Native extension for WindowsStandalone target not found
Refreshing native plugins compatible for Editor in 0.71 ms, found 8 plugins.
Preloading 1 native plugins for Editor in 0.11 ms.
Invoked RoslynAnalysisRunner static constructor.
RoslynAnalysisRunner will not be running.
RoslynAnalysisRunner has terminated.
NullReferenceException: Object reference not set to an instance of an object
  at Unity.XR.Oculus.OculusLoader.AssetPathToAbsolutePath (System.String assetPath) [0x00048] in C:\Users\s4315\Desktop\Unitylearn\Unity-Learn\Create_With_VR\Project1_VR_Basics\Create-with-VR_2020LTS\VR Room Yale\Library\PackageCache\com.unity.xr.oculus@1.8.1\Runtime\OculusLoader.cs:243 
  at Unity.XR.Oculus.OculusLoader.EditorLoadOVRPlugin () [0x0007b] in C:\Users\s4315\Desktop\Unitylearn\Unity-Learn\Create_With_VR\Project1_VR_Basics\Create-with-VR_2020LTS\VR Room Yale\Library\PackageCache\com.unity.xr.oculus@1.8.1\Runtime\OculusLoader.cs:228 

(Filename: Library/PackageCache/com.unity.xr.oculus@1.8.1/Runtime/OculusLoader.cs Line: 243)

Mono: successfully reloaded assembly
- Completed reload, in  1.004 seconds
Platform modules already initialized, skipping
Shader 'Universal Render Pipeline/Particles/Lit': fallback shader 'Universal Render Pipeline/Particles/SimpleLit' not found
Refreshing native plugins compatible for Editor in 1.01 ms, found 8 plugins.
Preloading 1 native plugins for Editor in 0.11 ms.
Unloading 2966 Unused Serialized files (Serialized files now loaded: 0)
System memory in use before: 138.4 MB.
System memory in use after: 138.6 MB.

Unloading 19 unused Assets to reduce memory usage. Loaded Objects now: 3641.
Total: 4.176700 ms (FindLiveObjects: 0.405700 ms CreateObjectMapping: 0.280900 ms MarkObjects: 3.467900 ms  DeleteObjects: 0.021500 ms)

AssetImportWorkerClient::OnTransportError - code=2 error=End of file
